Parsing file
Looking for set of objects less than 1330949
------------------------------------------------
Total value: 1486944
Total cost: 1330944
1 1001 1
506 1335 335
105 8226 7226
299 8295 7295
289 8308 7308
452 8312 7312
274 8329 7329
30 8331 7331
31 8356 7356
467 8359 7359
445 8360 7360
5 8367 7367
432 8376 7376
437 8399 7399
427 8400 7400
358 8410 7410
301 8413 7413
418 8422 7422
76 8475 7475
165 8487 7487
130 8551 7551
187 8587 7587
308 8594 7594
9 8613 7613
73 8613 7613
442 8613 7613
441 8636 7636
126 8642 7642
42 8650 7650
7 8690 7690
56 8718 7718
61 8751 7751
197 8862 7862
317 8892 7892
132 8904 7904
123 8943 7943
483 8965 7965
153 9006 8006
196 9052 8052
207 9062 8062
45 9100 8100
376 9110 8110
366 9117 8117
340 9119 8119
447 9120 8120
13 9122 8122
286 9127 8127
39 9139 8139
238 9149 8149
83 9157 8157
214 9160 8160
470 9167 8167
351 9182 8182
219 9187 8187
476 9198 8198
210 9203 8203
128 9205 8205
87 9242 8242
84 9250 8250
492 9293 8293
33 9305 8305
479 9323 8323
472 9337 8337
10 9347 8347
193 9356 8356
32 9361 8361
129 9361 8361
169 9370 8370
290 9460 8460
19 9463 8463
239 9544 8544
381 9554 8554
448 9576 8576
106 9597 8597
393 9632 8632
323 9643 8643
318 9645 8645
257 9648 8648
94 9652 8652
490 9652 8652
261 9658 8658
347 9662 8662
79 9712 8712
245 9725 8725
14 9730 8730
277 9751 8751
185 9809 8809
457 9810 8810
459 9819 8819
360 9850 8850
133 9861 8861
99 9885 8885
423 9885 8885
384 9887 8887
469 9895 8895
413 9909 8909
109 9921 8921
375 9921 8921
410 9922 8922
350 10028 9028
303 10072 9072
494 10090 9090
228 10109 9109
349 10123 9123
104 10129 9129
147 10141 9141
507 10164 9164
275 10174 9174
266 10229 9229
18 10232 9232
362 10237 9237
65 10240 9240
273 10300 9300
302 10301 9301
287 10308 9308
305 10321 9321
419 10352 9352
271 10354 9354
428 10362 9362
242 10396 9396
134 10400 9400
26 10407 9407
81 10410 9410
224 10412 9412
38 10439 9439
143 10459 9459
206 10462 9462
330 10466 9466
152 10504 9504
144 10510 9510
416 10516 9516
111 10537 9537
364 10552 9552
148 10576 9576
37 10645 9645
283 10665 9665
22 10675 9675
179 10681 9681
403 10681 9681
374 10710 9710
91 10722 9722
431 10746 9746
216 10747 9747
399 10763 9763
495 10780 9780
265 10806 9806
62 10819 9819
17 10823 9823
485 10859 9859
449 10870 9870
139 10872 9872
172 10898 9898
391 10910 9910
135 10937 9937
392 10963 9963
24 10970 9970
