Parsing file
Looking for set of objects less than 62405
------------------------------------------------
Total value: 69905
Total cost: 62405
1 101 1
147 241 141
119 809 709
79 812 712
56 818 718
91 822 722
157 823 723
159 823 723
48 825 725
245 825 725
14 830 730
216 847 747
61 851 751
142 852 752
237 853 753
137 854 754
49 860 760
240 864 764
69 868 768
160 870 770
93 875 775
27 876 776
51 876 776
195 884 784
178 886 786
34 898 798
118 902 802
185 909 809
198 910 810
235 912 812
62 919 819
17 923 823
171 923 823
85 924 824
163 929 829
243 930 830
46 938 838
50 943 843
133 961 861
197 962 862
96 967 867
139 972 872
11 974 874
75 981 881
99 985 885
166 985 885
3 996 896
82 998 898
172 998 898
132 1004 904
226 1005 905
244 1005 905
213 1013 913
109 1021 921
127 1022 922
174 1023 923
183 1033 933
55 1037 937
135 1037 937
223 1039 939
121 1040 940
122 1043 943
123 1043 943
131 1047 947
115 1059 959
24 1070 970
66 1075 975
54 1077 977
177 1077 977
250 1081 981
234 1087 987
102 1089 989
6 1097 997
124 1097 997
25 1100 1000
