Parsing file
Looking for set of objects less than 2581537
------------------------------------------------
Total value: 2885531
Total cost: 2581531
1 1001 1
436 4680 3680
417 8059 7059
208 8062 7062
508 8074 7074
936 8106 7106
609 8109 7109
113 8112 7112
551 8112 7112
789 8123 7123
288 8131 7131
491 8135 7135
310 8145 7145
1016 8168 7168
503 8171 7171
173 8173 7173
714 8181 7181
4 8187 7187
882 8199 7199
68 8226 7226
105 8226 7226
956 8251 7251
538 8255 7255
299 8295 7295
289 8308 7308
452 8312 7312
607 8315 7315
274 8329 7329
30 8331 7331
31 8356 7356
467 8359 7359
445 8360 7360
5 8367 7367
432 8376 7376
556 8386 7386
437 8399 7399
427 8400 7400
358 8410 7410
580 8411 7411
301 8413 7413
418 8422 7422
867 8427 7427
694 8434 7434
76 8475 7475
165 8487 7487
945 8487 7487
681 8503 7503
1018 8514 7514
852 8528 7528
707 8546 7546
130 8551 7551
187 8587 7587
308 8594 7594
589 8602 7602
548 8611 7611
9 8613 7613
73 8613 7613
442 8613 7613
441 8636 7636
698 8637 7637
995 8637 7637
126 8642 7642
656 8645 7645
42 8650 7650
939 8672 7672
537 8679 7679
7 8690 7690
665 8696 7696
837 8699 7699
56 8718 7718
0 8730 7730
948 8738 7738
851 8743 7743
61 8751 7751
587 8766 7766
754 8767 7767
519 8780 7780
722 8802 7802
960 8836 7836
197 8862 7862
670 8879 7879
678 8883 7883
317 8892 7892
132 8904 7904
529 8907 7907
717 8917 7917
123 8943 7943
720 8950 7950
483 8965 7965
524 8977 7977
578 9002 8002
735 9005 8005
153 9006 8006
608 9017 8017
872 9042 8042
650 9049 8049
196 9052 8052
207 9062 8062
887 9065 8065
45 9100 8100
546 9100 8100
376 9110 8110
530 9116 8116
366 9117 8117
340 9119 8119
447 9120 8120
13 9122 8122
286 9127 8127
39 9139 8139
238 9149 8149
642 9155 8155
917 9156 8156
83 9157 8157
214 9160 8160
470 9167 8167
830 9176 8176
351 9182 8182
219 9187 8187
476 9198 8198
210 9203 8203
898 9204 8204
128 9205 8205
567 9215 8215
934 9240 8240
87 9242 8242
84 9250 8250
1003 9292 8292
492 9293 8293
33 9305 8305
711 9313 8313
709 9317 8317
479 9323 8323
532 9334 8334
472 9337 8337
10 9347 8347
193 9356 8356
32 9361 8361
129 9361 8361
169 9370 8370
673 9372 8372
559 9375 8375
806 9383 8383
871 9396 8396
888 9399 8399
534 9400 8400
605 9441 8441
926 9449 8449
290 9460 8460
19 9463 8463
617 9522 8522
859 9524 8524
239 9544 8544
547 9549 8549
773 9550 8550
381 9554 8554
753 9574 8574
448 9576 8576
744 9588 8588
106 9597 8597
932 9628 8628
393 9632 8632
663 9642 8642
323 9643 8643
318 9645 8645
257 9648 8648
94 9652 8652
490 9652 8652
261 9658 8658
807 9661 8661
347 9662 8662
916 9688 8688
959 9691 8691
79 9712 8712
847 9721 8721
245 9725 8725
14 9730 8730
277 9751 8751
727 9758 8758
884 9763 8763
1009 9781 8781
185 9809 8809
457 9810 8810
459 9819 8819
756 9848 8848
360 9850 8850
550 9851 8851
133 9861 8861
561 9875 8875
99 9885 8885
423 9885 8885
384 9887 8887
869 9893 8893
469 9895 8895
619 9897 8897
856 9898 8898
880 9904 8904
413 9909 8909
536 9909 8909
109 9921 8921
375 9921 8921
410 9922 8922
660 9950 8950
535 9969 8969
737 9989 8989
582 9992 8992
350 10028 9028
540 10032 9032
303 10072 9072
494 10090 9090
228 10109 9109
349 10123 9123
104 10129 9129
998 10130 9130
147 10141 9141
817 10143 9143
507 10164 9164
541 10168 9168
275 10174 9174
795 10186 9186
680 10188 9188
1004 10196 9196
599 10219 9219
989 10223 9223
266 10229 9229
825 10229 9229
18 10232 9232
362 10237 9237
65 10240 9240
937 10244 9244
702 10290 9290
273 10300 9300
302 10301 9301
287 10308 9308
797 10314 9314
921 10315 9315
659 10319 9319
305 10321 9321
843 10323 9323
419 10352 9352
740 10352 9352
271 10354 9354
518 10356 9356
428 10362 9362
923 10380 9380
242 10396 9396
134 10400 9400
26 10407 9407
81 10410 9410
224 10412 9412
38 10439 9439
679 10453 9453
143 10459 9459
206 10462 9462
330 10466 9466
901 10491 9491
152 10504 9504
144 10510 9510
416 10516 9516
111 10537 9537
364 10552 9552
661 10560 9560
148 10576 9576
762 10612 9612
37 10645 9645
760 10662 9662
283 10665 9665
757 10674 9674
22 10675 9675
179 10681 9681
403 10681 9681
374 10710 9710
594 10711 9711
91 10722 9722
516 10722 9722
431 10746 9746
216 10747 9747
515 10762 9762
399 10763 9763
1013 10763 9763
979 10770 9770
495 10780 9780
736 10788 9788
265 10806 9806
62 10819 9819
17 10823 9823
601 10837 9837
774 10858 9858
485 10859 9859
911 10859 9859
1000 10866 9866
449 10870 9870
139 10872 9872
858 10872 9872
734 10879 9879
172 10898 9898
391 10910 9910
767 10935 9935
135 10937 9937
980 10949 9949
612 10958 9958
392 10963 9963
891 10968 9968
24 10970 9970
965 10975 9975
