Parsing file
Looking for set of objects less than 31620
------------------------------------------------
Total value: 35517
Total cost: 31617
1 101 1
44 110 10
33 405 305
91 822 722
48 825 725
14 830 730
61 851 751
49 860 760
69 868 768
93 875 775
27 876 776
51 876 776
34 898 798
118 902 802
62 919 819
17 923 823
85 924 824
46 938 838
50 943 843
96 967 867
11 974 874
75 981 881
99 985 885
3 996 896
82 998 898
109 1021 921
127 1022 922
55 1037 937
121 1040 940
122 1043 943
123 1043 943
115 1059 959
24 1070 970
66 1075 975
54 1077 977
102 1089 989
6 1097 997
124 1097 997
25 1100 1000
