Parsing file
Looking for a solution with 7 colors
Greedy solution with 2-opt was the best
------------------------------------------------
Total conflicts: 0
0	6
1	0
2	1
3	0
4	1
5	2
6	2
7	1
8	3
9	1
10	2
11	0
12	2
13	4
14	3
15	3
16	2
17	2
18	6
19	3
20	3
21	2
22	4
23	0
24	5
25	1
26	3
27	1
28	4
29	5
30	1
31	3
32	1
33	5
34	4
35	3
36	4
37	3
38	3
39	4
40	3
41	5
42	3
43	3
44	5
45	4
46	1
47	0
48	2
49	1
50	3
51	1
52	2
53	2
54	1
55	3
56	1
57	2
58	4
59	2
60	4
61	3
62	3
63	2
64	2
65	2
66	3
67	3
68	2
69	4
70	1
71	2
72	1
73	3
74	1
75	2
76	2
77	1
78	3
79	1
80	2
81	4
82	2
83	1
84	3
85	1
86	2
87	2
88	1
89	3
90	1
91	2
92	4
93	1
94	2
95	0
