Parsing file
Looking for a solution with 8 colors
------------------------------------------------
Total conflicts: 0
0	Just 1
1	Just 0
2	Just 1
3	Just 0
4	Just 1
5	Just 2
6	Just 2
7	Just 1
8	Just 3
9	Just 1
10	Just 2
11	Just 0
12	Just 3
13	Just 4
14	Just 3
15	Just 3
16	Just 4
17	Just 3
18	Just 6
19	Just 3
20	Just 3
21	Just 5
22	Just 4
23	Just 0
24	Just 5
25	Just 1
26	Just 3
27	Just 1
28	Just 4
29	Just 5
30	Just 1
31	Just 3
32	Just 1
33	Just 5
34	Just 4
35	Just 3
36	Just 4
37	Just 3
38	Just 3
39	Just 4
40	Just 3
41	Just 5
42	Just 3
43	Just 3
44	Just 5
45	Just 4
46	Just 1
47	Just 0
48	Just 2
49	Just 4
50	Just 3
51	Just 6
52	Just 2
53	Just 2
54	Just 6
55	Just 3
56	Just 6
57	Just 2
58	Just 4
59	Just 2
60	Just 4
61	Just 3
62	Just 3
63	Just 2
64	Just 2
65	Just 6
66	Just 3
67	Just 3
68	Just 2
69	Just 4
70	Just 2
71	Just 5
72	Just 4
73	Just 3
74	Just 6
75	Just 4
76	Just 5
77	Just 5
78	Just 3
79	Just 5
80	Just 5
81	Just 4
82	Just 3
83	Just 4
84	Just 3
85	Just 3
86	Just 4
87	Just 3
88	Just 5
89	Just 3
90	Just 3
91	Just 5
92	Just 4
93	Just 7
94	Just 2
95	Just 0
96	Just 2
97	Just 1
98	Just 3
99	Just 1
100	Just 2
101	Just 2
102	Just 1
103	Just 3
104	Just 1
105	Just 2
106	Just 4
107	Just 3
108	Just 4
109	Just 3
110	Just 3
111	Just 4
112	Just 3
113	Just 6
114	Just 3
115	Just 3
116	Just 5
117	Just 4
118	Just 1
119	Just 5
120	Just 1
121	Just 3
122	Just 1
123	Just 4
124	Just 5
125	Just 1
126	Just 3
127	Just 1
128	Just 5
129	Just 4
130	Just 3
131	Just 1
132	Just 3
133	Just 1
134	Just 4
135	Just 3
136	Just 1
137	Just 3
138	Just 1
139	Just 5
140	Just 4
141	Just 1
142	Just 2
143	Just 2
144	Just 1
145	Just 3
146	Just 1
147	Just 2
148	Just 2
149	Just 1
150	Just 3
151	Just 1
152	Just 2
153	Just 4
154	Just 2
155	Just 4
156	Just 3
157	Just 3
158	Just 2
159	Just 2
160	Just 2
161	Just 3
162	Just 3
163	Just 2
164	Just 4
165	Just 1
166	Just 2
167	Just 1
168	Just 3
169	Just 1
170	Just 2
171	Just 2
172	Just 1
173	Just 3
174	Just 1
175	Just 2
176	Just 4
177	Just 2
178	Just 1
179	Just 3
180	Just 1
181	Just 2
182	Just 2
183	Just 1
184	Just 3
185	Just 1
186	Just 2
187	Just 4
188	Just 1
189	Just 2
190	Just 1
191	Just 0
