Parsing file
Looking for a solution with 6 colors
------------------------------------------------
Total conflicts: 0
0	Just 1
1	Just 0
2	Just 1
3	Just 0
4	Just 1
5	Just 2
6	Just 2
7	Just 1
8	Just 3
9	Just 1
10	Just 2
11	Just 0
12	Just 2
13	Just 4
14	Just 3
15	Just 3
16	Just 2
17	Just 2
18	Just 5
19	Just 3
20	Just 3
21	Just 2
22	Just 4
23	Just 0
24	Just 2
25	Just 1
26	Just 3
27	Just 1
28	Just 2
29	Just 2
30	Just 1
31	Just 3
32	Just 1
33	Just 2
34	Just 4
35	Just 2
36	Just 1
37	Just 3
38	Just 1
39	Just 2
40	Just 2
41	Just 1
42	Just 3
43	Just 1
44	Just 2
45	Just 4
46	Just 1
47	Just 0
