Parsing file
Looking for a solution with 7 colors
------------------------------------------------
Total conflicts: 0
0	Just 1
1	Just 0
2	Just 1
3	Just 0
4	Just 1
5	Just 2
6	Just 2
7	Just 1
8	Just 3
9	Just 1
10	Just 2
11	Just 0
12	Just 2
13	Just 4
14	Just 3
15	Just 3
16	Just 2
17	Just 2
18	Just 6
19	Just 3
20	Just 3
21	Just 2
22	Just 4
23	Just 0
24	Just 5
25	Just 1
26	Just 3
27	Just 1
28	Just 4
29	Just 5
30	Just 1
31	Just 3
32	Just 1
33	Just 5
34	Just 4
35	Just 3
36	Just 4
37	Just 3
38	Just 3
39	Just 4
40	Just 3
41	Just 5
42	Just 3
43	Just 3
44	Just 5
45	Just 4
46	Just 1
47	Just 0
48	Just 2
49	Just 1
50	Just 3
51	Just 1
52	Just 2
53	Just 2
54	Just 1
55	Just 3
56	Just 1
57	Just 2
58	Just 4
59	Just 2
60	Just 4
61	Just 3
62	Just 3
63	Just 2
64	Just 2
65	Just 2
66	Just 3
67	Just 3
68	Just 2
69	Just 4
70	Just 1
71	Just 2
72	Just 1
73	Just 3
74	Just 1
75	Just 2
76	Just 2
77	Just 1
78	Just 3
79	Just 1
80	Just 2
81	Just 4
82	Just 2
83	Just 1
84	Just 3
85	Just 1
86	Just 2
87	Just 2
88	Just 1
89	Just 3
90	Just 1
91	Just 2
92	Just 4
93	Just 1
94	Just 2
95	Just 0
