Parsing file
Looking for a solution with 7 colors
------------------------------------------------
Total conflicts: 1
0	1
1	0
2	1
3	0
4	1
5	2
6	2
7	1
8	3
9	1
10	2
11	0
12	3
13	4
14	3
15	3
16	4
17	3
18	6
19	3
20	3
21	5
22	4
23	0
24	5
25	1
26	3
27	1
28	4
29	5
30	1
31	3
32	1
33	5
34	4
35	3
36	4
37	3
38	3
39	4
40	3
41	5
42	3
43	3
44	5
45	4
46	1
47	0
48	2
49	4
50	3
51	6
52	2
53	2
54	6
55	3
56	6
57	2
58	4
59	2
60	4
61	3
62	3
63	2
64	2
65	6
66	3
67	3
68	2
69	4
70	2
71	5
72	4
73	3
74	6
75	4
76	5
77	5
78	3
79	5
80	5
81	4
82	3
83	4
84	3
85	3
86	4
87	3
88	5
89	3
90	3
91	5
92	4
93	1
94	2
95	0
96	2
97	1
98	3
99	1
100	2
101	2
102	1
103	3
104	1
105	2
106	4
107	3
108	4
109	3
110	3
111	4
112	3
113	6
114	3
115	3
116	5
117	4
118	1
119	5
120	1
121	3
122	1
123	4
124	5
125	1
126	3
127	1
128	5
129	4
130	3
131	1
132	3
133	1
134	4
135	3
136	1
137	3
138	1
139	5
140	4
141	1
142	2
143	2
144	1
145	3
146	1
147	2
148	2
149	1
150	3
151	1
152	2
153	4
154	2
155	4
156	3
157	3
158	2
159	2
160	2
161	3
162	3
163	2
164	4
165	1
166	2
167	1
168	3
169	1
170	2
171	2
172	1
173	3
174	1
175	2
176	4
177	2
178	1
179	3
180	1
181	2
182	2
183	1
184	3
185	1
186	2
187	4
188	1
189	2
190	1
191	0
