Parsing file
Looking for set of objects less than 62405
Random 3-opt was the best
------------------------------------------------
Total value: 76104
Total cost: 62404
1 101 1
153 106 6
44 110 10
8 122 22
246 130 30
71 131 31
251 138 38
35 147 47
98 154 54
125 179 79
114 182 82
92 187 87
40 191 91
64 197 97
58 199 99
45 200 100
57 201 101
88 201 101
113 212 112
249 215 115
2 219 119
13 222 122
29 223 123
233 228 128
104 229 129
52 237 137
39 239 139
147 241 141
238 249 149
83 257 157
254 276 176
78 278 178
4 287 187
110 301 201
101 304 204
128 305 205
43 311 211
68 326 226
105 326 226
107 326 226
112 327 227
18 332 232
65 340 240
70 341 241
87 342 242
41 347 247
67 348 248
84 350 250
28 376 276
59 381 281
116 396 296
33 405 305
23 425 325
30 431 331
97 437 337
10 447 347
74 448 348
31 456 356
32 461 361
5 467 367
77 467 367
95 471 371
248 484 384
86 491 391
117 492 392
242 496 396
26 507 407
81 510 410
36 527 427
38 539 439
253 545 445
19 563 463
89 572 472
53 575 475
76 575 475
15 586 486
100 609 509
108 613 513
12 622 522
232 625 525
63 630 530
111 637 537
120 637 537
20 654 554
0 670 570
72 684 584
21 689 589
103 694 594
106 697 597
60 709 609
9 713 613
73 713 613
255 719 619
47 727 627
90 736 636
80 741 641
37 745 645
42 750 650
94 752 652
22 775 675
7 790 690
16 805 705
119 809 709
79 812 712
56 818 718
91 822 722
48 825 725
14 830 730
61 851 751
49 860 760
69 868 768
93 875 775
27 876 776
51 876 776
34 898 798
118 902 802
62 919 819
17 923 823
85 924 824
46 938 838
50 943 843
96 967 867
11 974 874
75 981 881
99 985 885
3 996 896
82 998 898
109 1021 921
55 1037 937
121 1040 940
122 1043 943
123 1043 943
115 1059 959
24 1070 970
66 1075 975
54 1077 977
102 1089 989
