Parsing file
Looking for set of objects less than 11119
Random 3-opt was the best
------------------------------------------------
Total value: 14510
Total cost: 11110
1 101 1
44 110 10
8 122 22
35 147 47
40 191 91
45 200 100
2 219 119
13 222 122
29 223 123
39 239 139
4 287 187
43 311 211
18 332 232
41 347 247
28 376 276
33 405 305
23 425 325
30 431 331
10 447 347
31 456 356
32 461 361
5 467 367
36 527 427
38 539 439
19 563 463
15 586 486
12 622 522
20 654 554
21 689 589
9 713 613
47 727 627
37 745 645
42 750 650
27 876 776
