Parsing file
Looking for set of objects less than 31620
Random 3-opt was the best
------------------------------------------------
Total value: 39018
Total cost: 31618
1 101 1
44 110 10
8 122 22
35 147 47
125 179 79
114 182 82
40 191 91
64 197 97
58 199 99
45 200 100
57 201 101
113 212 112
2 219 119
13 222 122
29 223 123
104 229 129
52 237 137
39 239 139
4 287 187
110 301 201
0 305 205
43 311 211
107 326 226
112 327 227
18 332 232
65 340 240
41 347 247
28 376 276
59 381 281
116 396 296
33 405 305
23 425 325
30 431 331
10 447 347
31 456 356
32 461 361
5 467 367
26 507 407
36 527 427
38 539 439
19 563 463
53 575 475
15 586 486
108 613 513
12 622 522
63 630 530
120 637 537
20 654 554
21 689 589
106 697 597
60 709 609
9 713 613
47 727 627
37 745 645
42 750 650
22 775 675
7 790 690
16 805 705
56 818 718
48 825 725
14 830 730
61 851 751
49 860 760
27 876 776
51 876 776
34 898 798
62 919 819
17 923 823
46 938 838
50 943 843
11 974 874
3 996 896
55 1037 937
24 1070 970
