Parsing file
Looking for set of objects less than 2581537
Random 3-opt was the best
------------------------------------------------
Total value: 3089374
Total cost: 2581374
1 1001 1
770 1025 25
180 1046 46
227 1056 56
125 1079 79
222 1114 114
480 1151 151
298 1158 158
296 1172 172
218 1174 174
402 1208 208
408 1237 237
363 1264 264
215 1267 267
212 1269 269
352 1269 269
116 1296 296
294 1296 296
335 1326 326
506 1335 335
1005 1349 349
1002 1357 357
248 1384 384
145 1390 390
493 1390 390
117 1392 392
355 1421 421
36 1427 427
504 1526 526
1019 1534 534
404 1542 542
1010 1556 556
401 1568 568
256 1570 570
385 1573 573
151 1588 588
475 1588 588
380 1618 618
316 1638 638
161 1667 667
306 1694 694
16 1705 705
334 1767 767
93 1775 775
195 1784 784
178 1786 786
312 1819 819
342 1829 829
325 1866 866
373 1880 880
127 1922 922
55 1937 937
304 1958 958
66 1975 975
326 1975 975
6 1997 997
8 2022 1022
175 2056 1056
397 2067 1067
327 2074 1074
92 2087 1087
40 2091 1091
424 2097 1097
454 2122 1122
233 2128 1128
345 2129 1129
484 2181 1181
112 2227 1227
136 2250 1250
496 2319 1319
97 2337 1337
444 2345 1345
74 2348 1348
230 2369 1369
1017 2382 1382
414 2392 1392
205 2416 1416
462 2477 1477
338 2496 1496
497 2496 1496
311 2507 1507
100 2509 1509
315 2512 1512
146 2542 1542
346 2547 1547
167 2590 1590
164 2598 1598
388 2604 1604
255 2619 1619
80 2641 1641
339 2662 1662
386 2692 1692
220 2700 1700
313 2715 1715
48 2725 1725
237 2753 1753
160 2770 1770
272 2771 1771
451 2808 1808
171 2823 1823
75 2881 1881
3 2896 1896
174 2923 1923
121 2940 1940
461 2958 1958
156 3020 2020
370 3042 2042
98 3054 2054
319 3076 2076
435 3082 2082
162 3095 2095
57 3101 2101
249 3115 2115
184 3116 2116
29 3123 2123
70 3241 2241
278 3253 2253
200 3260 2260
422 3327 2327
192 3341 2341
481 3341 2341
95 3371 2371
455 3391 2391
471 3419 2419
297 3444 2444
458 3476 2476
473 3504 2504
332 3511 2511
108 3513 2513
407 3514 2514
433 3535 2535
47 3627 2627
140 3631 2631
236 3660 2660
241 3684 2684
372 3722 2722
157 3723 2723
198 3810 2810
293 3863 2863
122 3943 2943
115 3959 2959
102 3989 2989
124 3997 2997
468 4003 3003
453 4004 3004
341 4017 3017
58 4099 3099
430 4124 3124
474 4134 3134
500 4156 3156
434 4167 3167
158 4179 3179
110 4201 3201
43 4211 3211
204 4213 3213
478 4219 3219
406 4248 3248
280 4262 3262
356 4293 3293
440 4330 3330
1022 4381 3381
86 4391 3391
429 4411 3411
439 4412 3412
89 4472 3472
15 4486 3486
63 4530 3530
120 4537 3537
194 4545 3545
20 4554 3554
387 4568 3568
1020 4573 3573
1008 4588 3588
188 4603 3603
281 4603 3603
365 4624 3624
90 4636 3636
412 4678 3678
421 4678 3678
436 4680 3680
465 4717 3717
1006 4729 3729
137 4754 3754
49 4760 3760
240 4764 3764
69 4768 3768
309 4797 3797
1012 4807 3807
50 4843 3843
344 4858 3858
322 4879 3879
268 4893 3893
259 4896 3896
320 4915 3915
131 4947 3947
234 4987 3987
25 5000 4000
321 5022 4022
389 5037 4037
486 5039 4039
411 5041 4041
361 5077 4077
114 5082 4082
354 5113 4113
279 5126 4126
382 5129 4129
254 5176 4176
1007 5219 4219
168 5239 4239
300 5241 4241
1015 5245 4245
28 5276 4276
59 5281 4281
295 5292 4292
426 5378 4378
396 5411 4411
398 5426 4426
253 5445 4445
225 5519 4519
262 5567 4567
336 5579 4579
21 5589 4589
60 5609 4609
141 5636 4636
450 5698 4698
159 5723 4723
270 5723 4723
489 5760 4760
51 5776 4776
378 5800 4800
348 5801 4801
282 5802 4802
85 5824 4824
163 5829 4829
244 5905 4905
223 5939 4939
54 5977 4977
177 5977 4977
307 5981 4981
324 6014 5014
251 6038 5038
400 6104 5104
394 6108 5108
155 6155 5155
78 6178 5178
415 6192 5192
202 6197 5197
285 6209 5209
395 6211 5211
107 6226 5226
331 6243 5243
41 6247 5247
217 6249 5249
371 6254 5254
176 6261 5261
292 6290 5290
263 6306 5306
23 6325 5325
247 6330 5330
77 6367 5367
229 6381 5381
260 6446 5446
487 6456 5456
252 6483 5483
329 6508 5508
12 6522 5522
232 6525 5525
201 6541 5541
231 6551 5551
420 6582 5582
72 6584 5584
103 6594 5594
425 6596 5596
269 6612 5612
343 6654 5654
314 6672 5672
379 6680 5680
189 6686 5686
337 6694 5694
119 6709 5709
482 6717 5717
477 6719 5719
142 6752 5752
27 6776 5776
34 6798 5798
118 6802 5802
46 6838 5838
464 6857 5857
96 6867 5867
226 6905 5905
44 7010 6010
71 7031 6031
390 7035 6035
170 7037 6037
368 7045 6045
35 7047 6047
369 7055 6055
203 7061 6061
383 7062 6062
64 7097 6097
88 7101 6101
149 7111 6111
2 7119 6119
52 7137 6137
211 7152 6152
456 7158 6158
221 7174 6174
446 7181 6181
328 7185 6185
488 7191 6191
190 7194 6194
101 7204 6204
209 7205 6205
463 7209 6209
199 7223 6223
67 7248 6248
276 7279 6279
409 7326 6326
182 7438 6438
191 7466 6466
359 7470 6470
53 7475 6475
186 7503 6503
150 7550 6550
353 7554 6554
138 7586 6586
264 7646 6646
291 7677 6677
438 7679 6679
466 7681 6681
357 7685 6685
181 7689 6689
154 7702 6702
333 7776 6776
267 7800 6800
377 7809 6809
235 7812 6812
405 7814 6814
243 7830 6830
284 7861 6861
460 7873 6873
11 7874 6874
166 7885 6885
258 7891 6891
82 7898 6898
213 7913 6913
183 7933 6933
367 7961 6961
250 7981 6981
443 7983 6983
246 8030 7030
417 8059 7059
208 8062 7062
113 8112 7112
288 8131 7131
491 8135 7135
310 8145 7145
173 8173 7173
4 8187 7187
68 8226 7226
105 8226 7226
299 8295 7295
289 8308 7308
452 8312 7312
274 8329 7329
30 8331 7331
31 8356 7356
467 8359 7359
445 8360 7360
5 8367 7367
432 8376 7376
437 8399 7399
427 8400 7400
358 8410 7410
301 8413 7413
418 8422 7422
76 8475 7475
165 8487 7487
130 8551 7551
187 8587 7587
308 8594 7594
9 8613 7613
73 8613 7613
442 8613 7613
441 8636 7636
126 8642 7642
42 8650 7650
7 8690 7690
56 8718 7718
0 8730 7730
61 8751 7751
197 8862 7862
317 8892 7892
132 8904 7904
123 8943 7943
483 8965 7965
153 9006 8006
196 9052 8052
207 9062 8062
45 9100 8100
376 9110 8110
366 9117 8117
340 9119 8119
447 9120 8120
13 9122 8122
286 9127 8127
39 9139 8139
238 9149 8149
83 9157 8157
214 9160 8160
470 9167 8167
351 9182 8182
219 9187 8187
476 9198 8198
210 9203 8203
128 9205 8205
87 9242 8242
84 9250 8250
33 9305 8305
479 9323 8323
472 9337 8337
10 9347 8347
193 9356 8356
32 9361 8361
129 9361 8361
169 9370 8370
290 9460 8460
19 9463 8463
239 9544 8544
381 9554 8554
448 9576 8576
106 9597 8597
393 9632 8632
323 9643 8643
318 9645 8645
257 9648 8648
94 9652 8652
490 9652 8652
261 9658 8658
347 9662 8662
79 9712 8712
245 9725 8725
14 9730 8730
277 9751 8751
185 9809 8809
457 9810 8810
459 9819 8819
360 9850 8850
133 9861 8861
99 9885 8885
423 9885 8885
384 9887 8887
469 9895 8895
413 9909 8909
109 9921 8921
375 9921 8921
410 9922 8922
350 10028 9028
303 10072 9072
228 10109 9109
349 10123 9123
104 10129 9129
147 10141 9141
275 10174 9174
266 10229 9229
18 10232 9232
362 10237 9237
65 10240 9240
273 10300 9300
302 10301 9301
287 10308 9308
305 10321 9321
419 10352 9352
271 10354 9354
428 10362 9362
242 10396 9396
134 10400 9400
26 10407 9407
81 10410 9410
224 10412 9412
38 10439 9439
143 10459 9459
206 10462 9462
330 10466 9466
152 10504 9504
144 10510 9510
416 10516 9516
111 10537 9537
364 10552 9552
148 10576 9576
37 10645 9645
283 10665 9665
22 10675 9675
179 10681 9681
403 10681 9681
374 10710 9710
91 10722 9722
431 10746 9746
216 10747 9747
399 10763 9763
265 10806 9806
62 10819 9819
17 10823 9823
485 10859 9859
449 10870 9870
139 10872 9872
172 10898 9898
391 10910 9910
