Parsing file
Looking for set of objects less than 15574
Random 3-opt was the best
------------------------------------------------
Total value: 19773
Total cost: 15573
1 101 1
44 110 10
8 122 22
35 147 47
40 191 91
0 197 97
58 199 99
45 200 100
57 201 101
2 219 119
13 222 122
29 223 123
52 237 137
39 239 139
4 287 187
43 311 211
18 332 232
28 376 276
59 381 281
23 425 325
30 431 331
10 447 347
5 467 367
26 507 407
36 527 427
38 539 439
19 563 463
15 586 486
12 622 522
63 630 530
20 654 554
21 689 589
60 709 609
9 713 613
22 775 675
7 790 690
16 805 705
14 830 730
27 876 776
17 923 823
11 974 874
3 996 896
