Parsing file
Looking for set of objects less than 1330949
Random 3-opt was the best
------------------------------------------------
Total value: 1593916
Total cost: 1330916
1 1001 1
180 1046 46
227 1056 56
125 1079 79
222 1114 114
296 1172 172
218 1174 174
215 1267 267
212 1269 269
116 1296 296
506 1335 335
248 1384 384
493 1390 390
145 1390 390
117 1392 392
36 1427 427
504 1526 526
151 1588 588
161 1667 667
16 1705 705
93 1775 775
195 1784 784
178 1786 786
127 1922 922
55 1937 937
66 1975 975
6 1997 997
502 2011 1011
8 2022 1022
175 2056 1056
92 2087 1087
40 2091 1091
233 2128 1128
509 2142 1142
112 2227 1227
136 2250 1250
496 2319 1319
97 2337 1337
74 2348 1348
230 2369 1369
205 2416 1416
497 2496 1496
100 2509 1509
146 2542 1542
167 2590 1590
164 2598 1598
80 2641 1641
220 2700 1700
48 2725 1725
237 2753 1753
160 2770 1770
171 2823 1823
75 2881 1881
3 2896 1896
174 2923 1923
121 2940 1940
156 3020 2020
98 3054 2054
162 3095 2095
57 3101 2101
249 3115 2115
184 3116 2116
29 3123 2123
70 3241 2241
200 3260 2260
192 3341 2341
95 3371 2371
108 3513 2513
47 3627 2627
140 3631 2631
236 3660 2660
241 3684 2684
157 3723 2723
198 3810 2810
511 3876 2876
122 3943 2943
115 3959 2959
102 3989 2989
124 3997 2997
58 4099 3099
500 4156 3156
158 4179 3179
110 4201 3201
43 4211 3211
204 4213 3213
86 4391 3391
89 4472 3472
15 4486 3486
63 4530 3530
120 4537 3537
194 4545 3545
20 4554 3554
188 4603 3603
90 4636 3636
0 4701 3701
137 4754 3754
49 4760 3760
240 4764 3764
69 4768 3768
50 4843 3843
131 4947 3947
234 4987 3987
25 5000 4000
114 5082 4082
168 5239 4239
28 5276 4276
59 5281 4281
253 5445 4445
225 5519 4519
21 5589 4589
60 5609 4609
141 5636 4636
159 5723 4723
489 5760 4760
51 5776 4776
85 5824 4824
163 5829 4829
244 5905 4905
223 5939 4939
54 5977 4977
177 5977 4977
251 6038 5038
155 6155 5155
78 6178 5178
202 6197 5197
107 6226 5226
41 6247 5247
217 6249 5249
176 6261 5261
23 6325 5325
247 6330 5330
77 6367 5367
229 6381 5381
12 6522 5522
232 6525 5525
201 6541 5541
231 6551 5551
72 6584 5584
103 6594 5594
189 6686 5686
119 6709 5709
142 6752 5752
27 6776 5776
34 6798 5798
118 6802 5802
46 6838 5838
96 6867 5867
226 6905 5905
510 6968 5968
44 7010 6010
71 7031 6031
170 7037 6037
35 7047 6047
203 7061 6061
64 7097 6097
88 7101 6101
149 7111 6111
2 7119 6119
52 7137 6137
211 7152 6152
221 7174 6174
190 7194 6194
101 7204 6204
209 7205 6205
199 7223 6223
67 7248 6248
182 7438 6438
191 7466 6466
53 7475 6475
186 7503 6503
150 7550 6550
138 7586 6586
181 7689 6689
154 7702 6702
235 7812 6812
243 7830 6830
11 7874 6874
166 7885 6885
82 7898 6898
501 7906 6906
213 7913 6913
183 7933 6933
250 7981 6981
246 8030 7030
208 8062 7062
113 8112 7112
173 8173 7173
4 8187 7187
68 8226 7226
105 8226 7226
30 8331 7331
31 8356 7356
5 8367 7367
76 8475 7475
165 8487 7487
130 8551 7551
187 8587 7587
9 8613 7613
73 8613 7613
126 8642 7642
42 8650 7650
7 8690 7690
56 8718 7718
61 8751 7751
197 8862 7862
132 8904 7904
123 8943 7943
153 9006 8006
196 9052 8052
207 9062 8062
45 9100 8100
13 9122 8122
39 9139 8139
238 9149 8149
83 9157 8157
214 9160 8160
219 9187 8187
210 9203 8203
128 9205 8205
87 9242 8242
84 9250 8250
33 9305 8305
10 9347 8347
193 9356 8356
32 9361 8361
129 9361 8361
169 9370 8370
19 9463 8463
239 9544 8544
106 9597 8597
94 9652 8652
79 9712 8712
245 9725 8725
14 9730 8730
185 9809 8809
133 9861 8861
99 9885 8885
109 9921 8921
228 10109 9109
104 10129 9129
147 10141 9141
18 10232 9232
65 10240 9240
242 10396 9396
134 10400 9400
26 10407 9407
81 10410 9410
224 10412 9412
38 10439 9439
143 10459 9459
206 10462 9462
152 10504 9504
144 10510 9510
111 10537 9537
148 10576 9576
37 10645 9645
22 10675 9675
179 10681 9681
91 10722 9722
216 10747 9747
62 10819 9819
17 10823 9823
139 10872 9872
